<?xml version="1.0" encoding="UTF-8"?>
<!-- Generated by org.testng.reporters.JUnitXMLReporter -->
<testsuite ignored="0" hostname="cristina" failures="1" tests="1" name="testAuto2" time="0.019" errors="0" timestamp="03 Sep 2020 13:01:55 GMT">
  <testcase classname="com.pageObjectModel2.loginpagetests.NegativeLoginTests" name="negativeTest" time="0.0">
    <failure type="org.testng.TestNGException" message="
Parameter &amp;apos;username&amp;apos; is required by @Test on method negativeTest but has not been marked @Optional or defined
in C:\Users\cristina\.IntelliJIdea2019.1\system\temp-testng-customsuite.xml">
      <![CDATA[org.testng.TestNGException: 
Parameter 'username' is required by @Test on method negativeTest but has not been marked @Optional or defined
in C:\Users\cristina\.IntelliJIdea2019.1\system\temp-testng-customsuite.xml
at com.intellij.rt.execution.application.AppMainV2.main(AppMainV2.java:131)
... Removed 27 stack frames]]>
    </failure>
  </testcase> <!-- negativeTest -->
</testsuite> <!-- testAuto2 -->
